<?xml version="1.0" encoding="UTF-8"?>
<!-- Generated by org.testng.reporters.JUnitReportReporter -->
<testsuite hostname="KGB-PC" name="com.foo.Test" tests="1" failures="0" timestamp="19 Jun 2015 22:30:12 GMT" time="0.038" errors="0">
  <testcase name="mdPurchasePrintsCollapsedViewTest" time="0.038" classname="com.foo.Test"/>
</testsuite> <!-- com.foo.Test -->
